{"C:\\Users\\Monica S\\OneDrive\\Desktop\\Project\\src\\App.jsx": {"path":"C:\\Users\\Monica S\\OneDrive\\Desktop\\Project\\src\\App.jsx","statementMap":{"0":{"start":{"line":8,"column":18},"end":{"line":8,"column":57}},"1":{"start":{"line":8,"column":29},"end":{"line":8,"column":56}},"2":{"start":{"line":9,"column":27},"end":{"line":9,"column":75}},"3":{"start":{"line":9,"column":38},"end":{"line":9,"column":74}},"4":{"start":{"line":10,"column":26},"end":{"line":10,"column":73}},"5":{"start":{"line":10,"column":37},"end":{"line":10,"column":72}},"6":{"start":{"line":11,"column":22},"end":{"line":11,"column":65}},"7":{"start":{"line":11,"column":33},"end":{"line":11,"column":64}},"8":{"start":{"line":12,"column":24},"end":{"line":12,"column":69}},"9":{"start":{"line":12,"column":35},"end":{"line":12,"column":68}},"10":{"start":{"line":13,"column":20},"end":{"line":13,"column":61}},"11":{"start":{"line":13,"column":31},"end":{"line":13,"column":60}},"12":{"start":{"line":14,"column":17},"end":{"line":14,"column":55}},"13":{"start":{"line":14,"column":28},"end":{"line":14,"column":54}},"14":{"start":{"line":15,"column":23},"end":{"line":15,"column":67}},"15":{"start":{"line":15,"column":34},"end":{"line":15,"column":66}},"16":{"start":{"line":16,"column":18},"end":{"line":16,"column":57}},"17":{"start":{"line":16,"column":29},"end":{"line":16,"column":56}},"18":{"start":{"line":17,"column":20},"end":{"line":17,"column":61}},"19":{"start":{"line":17,"column":31},"end":{"line":17,"column":60}},"20":{"start":{"line":18,"column":21},"end":{"line":18,"column":63}},"21":{"start":{"line":18,"column":32},"end":{"line":18,"column":62}},"22":{"start":{"line":19,"column":21},"end":{"line":19,"column":63}},"23":{"start":{"line":19,"column":32},"end":{"line":19,"column":62}},"24":{"start":{"line":21,"column":12},"end":{"line":110,"column":1}},"25":{"start":{"line":22,"column":15},"end":{"line":22,"column":54}},"26":{"start":{"line":22,"column":38},"end":{"line":22,"column":53}},"27":{"start":{"line":24,"column":2},"end":{"line":109,"column":4}}},"fnMap":{"0":{"name":"(anonymous_0)","decl":{"start":{"line":8,"column":23},"end":{"line":8,"column":24}},"loc":{"start":{"line":8,"column":29},"end":{"line":8,"column":56}},"line":8},"1":{"name":"(anonymous_1)","decl":{"start":{"line":9,"column":32},"end":{"line":9,"column":33}},"loc":{"start":{"line":9,"column":38},"end":{"line":9,"column":74}},"line":9},"2":{"name":"(anonymous_2)","decl":{"start":{"line":10,"column":31},"end":{"line":10,"column":32}},"loc":{"start":{"line":10,"column":37},"end":{"line":10,"column":72}},"line":10},"3":{"name":"(anonymous_3)","decl":{"start":{"line":11,"column":27},"end":{"line":11,"column":28}},"loc":{"start":{"line":11,"column":33},"end":{"line":11,"column":64}},"line":11},"4":{"name":"(anonymous_4)","decl":{"start":{"line":12,"column":29},"end":{"line":12,"column":30}},"loc":{"start":{"line":12,"column":35},"end":{"line":12,"column":68}},"line":12},"5":{"name":"(anonymous_5)","decl":{"start":{"line":13,"column":25},"end":{"line":13,"column":26}},"loc":{"start":{"line":13,"column":31},"end":{"line":13,"column":60}},"line":13},"6":{"name":"(anonymous_6)","decl":{"start":{"line":14,"column":22},"end":{"line":14,"column":23}},"loc":{"start":{"line":14,"column":28},"end":{"line":14,"column":54}},"line":14},"7":{"name":"(anonymous_7)","decl":{"start":{"line":15,"column":28},"end":{"line":15,"column":29}},"loc":{"start":{"line":15,"column":34},"end":{"line":15,"column":66}},"line":15},"8":{"name":"(anonymous_8)","decl":{"start":{"line":16,"column":23},"end":{"line":16,"column":24}},"loc":{"start":{"line":16,"column":29},"end":{"line":16,"column":56}},"line":16},"9":{"name":"(anonymous_9)","decl":{"start":{"line":17,"column":25},"end":{"line":17,"column":26}},"loc":{"start":{"line":17,"column":31},"end":{"line":17,"column":60}},"line":17},"10":{"name":"(anonymous_10)","decl":{"start":{"line":18,"column":26},"end":{"line":18,"column":27}},"loc":{"start":{"line":18,"column":32},"end":{"line":18,"column":62}},"line":18},"11":{"name":"(anonymous_11)","decl":{"start":{"line":19,"column":26},"end":{"line":19,"column":27}},"loc":{"start":{"line":19,"column":32},"end":{"line":19,"column":62}},"line":19},"12":{"name":"(anonymous_12)","decl":{"start":{"line":21,"column":12},"end":{"line":21,"column":13}},"loc":{"start":{"line":21,"column":18},"end":{"line":110,"column":1}},"line":21},"13":{"name":"(anonymous_13)","decl":{"start":{"line":22,"column":27},"end":{"line":22,"column":28}},"loc":{"start":{"line":22,"column":38},"end":{"line":22,"column":53}},"line":22}},"branchMap":{"0":{"loc":{"start":{"line":28,"column":40},"end":{"line":28,"column":99}},"type":"cond-expr","locations":[{"start":{"line":28,"column":47},"end":{"line":28,"column":83}},{"start":{"line":28,"column":86},"end":{"line":28,"column":99}}],"line":28}},"s":{"0":0,"1":0,"2":0,"3":0,"4":0,"5":0,"6":0,"7":0,"8":0,"9":0,"10":0,"11":0,"12":0,"13":0,"14":0,"15":0,"16":0,"17":0,"18":0,"19":0,"20":0,"21":0,"22":0,"23":0,"24":0,"25":0,"26":0,"27":0},"f":{"0":0,"1":0,"2":0,"3":0,"4":0,"5":0,"6":0,"7":0,"8":0,"9":0,"10":0,"11":0,"12":0,"13":0},"b":{"0":[0,0]}}
,"C:\\Users\\Monica S\\OneDrive\\Desktop\\Project\\src\\api\\apiClient.js": {"path":"C:\\Users\\Monica S\\OneDrive\\Desktop\\Project\\src\\api\\apiClient.js","statementMap":{"0":{"start":{"line":3,"column":18},"end":{"line":6,"column":2}},"1":{"start":{"line":8,"column":0},"end":{"line":14,"column":3}},"2":{"start":{"line":9,"column":16},"end":{"line":9,"column":49}},"3":{"start":{"line":10,"column":2},"end":{"line":12,"column":3}},"4":{"start":{"line":11,"column":4},"end":{"line":11,"column":53}},"5":{"start":{"line":13,"column":2},"end":{"line":13,"column":16}},"6":{"start":{"line":16,"column":0},"end":{"line":24,"column":2}},"7":{"start":{"line":17,"column":16},"end":{"line":17,"column":24}},"8":{"start":{"line":19,"column":4},"end":{"line":21,"column":5}},"9":{"start":{"line":20,"column":6},"end":{"line":20,"column":38}},"10":{"start":{"line":22,"column":4},"end":{"line":22,"column":33}}},"fnMap":{"0":{"name":"(anonymous_0)","decl":{"start":{"line":8,"column":35},"end":{"line":8,"column":36}},"loc":{"start":{"line":8,"column":47},"end":{"line":14,"column":1}},"line":8},"1":{"name":"(anonymous_1)","decl":{"start":{"line":17,"column":2},"end":{"line":17,"column":3}},"loc":{"start":{"line":17,"column":16},"end":{"line":17,"column":24}},"line":17},"2":{"name":"(anonymous_2)","decl":{"start":{"line":18,"column":2},"end":{"line":18,"column":3}},"loc":{"start":{"line":18,"column":13},"end":{"line":23,"column":3}},"line":18}},"branchMap":{"0":{"loc":{"start":{"line":10,"column":2},"end":{"line":12,"column":3}},"type":"if","locations":[{"start":{"line":10,"column":2},"end":{"line":12,"column":3}},{"start":{},"end":{}}],"line":10},"1":{"loc":{"start":{"line":19,"column":4},"end":{"line":21,"column":5}},"type":"if","locations":[{"start":{"line":19,"column":4},"end":{"line":21,"column":5}},{"start":{},"end":{}}],"line":19}},"s":{"0":0,"1":0,"2":0,"3":0,"4":0,"5":0,"6":0,"7":0,"8":0,"9":0,"10":0},"f":{"0":0,"1":0,"2":0},"b":{"0":[0,0],"1":[0,0]}}
,"C:\\Users\\Monica S\\OneDrive\\Desktop\\Project\\src\\components\\ErrorBoundary.jsx": {"path":"C:\\Users\\Monica S\\OneDrive\\Desktop\\Project\\src\\components\\ErrorBoundary.jsx","statementMap":{"0":{"start":{"line":6,"column":4},"end":{"line":6,"column":17}},"1":{"start":{"line":7,"column":4},"end":{"line":7,"column":37}},"2":{"start":{"line":11,"column":4},"end":{"line":11,"column":30}},"3":{"start":{"line":15,"column":4},"end":{"line":15,"column":25}},"4":{"start":{"line":19,"column":4},"end":{"line":31,"column":5}},"5":{"start":{"line":20,"column":6},"end":{"line":30,"column":8}},"6":{"start":{"line":26,"column":53},"end":{"line":26,"column":77}},"7":{"start":{"line":33,"column":4},"end":{"line":33,"column":31}}},"fnMap":{"0":{"name":"(anonymous_0)","decl":{"start":{"line":5,"column":2},"end":{"line":5,"column":3}},"loc":{"start":{"line":5,"column":21},"end":{"line":8,"column":3}},"line":5},"1":{"name":"(anonymous_1)","decl":{"start":{"line":10,"column":2},"end":{"line":10,"column":3}},"loc":{"start":{"line":10,"column":36},"end":{"line":12,"column":3}},"line":10},"2":{"name":"(anonymous_2)","decl":{"start":{"line":14,"column":2},"end":{"line":14,"column":3}},"loc":{"start":{"line":14,"column":27},"end":{"line":16,"column":3}},"line":14},"3":{"name":"(anonymous_3)","decl":{"start":{"line":18,"column":2},"end":{"line":18,"column":3}},"loc":{"start":{"line":18,"column":11},"end":{"line":34,"column":3}},"line":18},"4":{"name":"(anonymous_4)","decl":{"start":{"line":26,"column":47},"end":{"line":26,"column":48}},"loc":{"start":{"line":26,"column":53},"end":{"line":26,"column":77}},"line":26}},"branchMap":{"0":{"loc":{"start":{"line":19,"column":4},"end":{"line":31,"column":5}},"type":"if","locations":[{"start":{"line":19,"column":4},"end":{"line":31,"column":5}},{"start":{},"end":{}}],"line":19}},"s":{"0":0,"1":0,"2":0,"3":0,"4":0,"5":0,"6":0,"7":0},"f":{"0":0,"1":0,"2":0,"3":0,"4":0},"b":{"0":[0,0]}}
,"C:\\Users\\Monica S\\OneDrive\\Desktop\\Project\\src\\components\\Layout.jsx": {"path":"C:\\Users\\Monica S\\OneDrive\\Desktop\\Project\\src\\components\\Layout.jsx","statementMap":{"0":{"start":{"line":14,"column":15},"end":{"line":72,"column":2}},"1":{"start":{"line":15,"column":19},"end":{"line":15,"column":32}},"2":{"start":{"line":16,"column":19},"end":{"line":16,"column":32}},"3":{"start":{"line":17,"column":15},"end":{"line":17,"column":54}},"4":{"start":{"line":17,"column":38},"end":{"line":17,"column":53}},"5":{"start":{"line":18,"column":22},"end":{"line":18,"column":66}},"6":{"start":{"line":18,"column":45},"end":{"line":18,"column":65}},"7":{"start":{"line":19,"column":20},"end":{"line":19,"column":62}},"8":{"start":{"line":19,"column":43},"end":{"line":19,"column":61}},"9":{"start":{"line":20,"column":24},"end":{"line":20,"column":72}},"10":{"start":{"line":20,"column":47},"end":{"line":20,"column":71}},"11":{"start":{"line":21,"column":34},"end":{"line":21,"column":54}},"12":{"start":{"line":23,"column":25},"end":{"line":23,"column":85}},"13":{"start":{"line":23,"column":48},"end":{"line":23,"column":80}},"14":{"start":{"line":24,"column":26},"end":{"line":24,"column":66}},"15":{"start":{"line":24,"column":44},"end":{"line":24,"column":61}},"16":{"start":{"line":25,"column":30},"end":{"line":25,"column":86}},"17":{"start":{"line":25,"column":48},"end":{"line":25,"column":73}},"18":{"start":{"line":26,"column":28},"end":{"line":26,"column":82}},"19":{"start":{"line":26,"column":46},"end":{"line":26,"column":69}},"20":{"start":{"line":27,"column":23},"end":{"line":30,"column":26}},"21":{"start":{"line":28,"column":4},"end":{"line":28,"column":27}},"22":{"start":{"line":29,"column":4},"end":{"line":29,"column":23}},"23":{"start":{"line":32,"column":22},"end":{"line":32,"column":103}},"24":{"start":{"line":32,"column":36},"end":{"line":32,"column":85}},"25":{"start":{"line":32,"column":67},"end":{"line":32,"column":77}},"26":{"start":{"line":34,"column":2},"end":{"line":71,"column":4}}},"fnMap":{"0":{"name":"Layout","decl":{"start":{"line":14,"column":29},"end":{"line":14,"column":35}},"loc":{"start":{"line":14,"column":50},"end":{"line":72,"column":1}},"line":14},"1":{"name":"(anonymous_1)","decl":{"start":{"line":17,"column":27},"end":{"line":17,"column":28}},"loc":{"start":{"line":17,"column":38},"end":{"line":17,"column":53}},"line":17},"2":{"name":"(anonymous_2)","decl":{"start":{"line":18,"column":34},"end":{"line":18,"column":35}},"loc":{"start":{"line":18,"column":45},"end":{"line":18,"column":65}},"line":18},"3":{"name":"(anonymous_3)","decl":{"start":{"line":19,"column":32},"end":{"line":19,"column":33}},"loc":{"start":{"line":19,"column":43},"end":{"line":19,"column":61}},"line":19},"4":{"name":"(anonymous_4)","decl":{"start":{"line":20,"column":36},"end":{"line":20,"column":37}},"loc":{"start":{"line":20,"column":47},"end":{"line":20,"column":71}},"line":20},"5":{"name":"(anonymous_5)","decl":{"start":{"line":23,"column":37},"end":{"line":23,"column":38}},"loc":{"start":{"line":23,"column":48},"end":{"line":23,"column":80}},"line":23},"6":{"name":"(anonymous_6)","decl":{"start":{"line":24,"column":38},"end":{"line":24,"column":39}},"loc":{"start":{"line":24,"column":44},"end":{"line":24,"column":61}},"line":24},"7":{"name":"(anonymous_7)","decl":{"start":{"line":25,"column":42},"end":{"line":25,"column":43}},"loc":{"start":{"line":25,"column":48},"end":{"line":25,"column":73}},"line":25},"8":{"name":"(anonymous_8)","decl":{"start":{"line":26,"column":40},"end":{"line":26,"column":41}},"loc":{"start":{"line":26,"column":46},"end":{"line":26,"column":69}},"line":26},"9":{"name":"(anonymous_9)","decl":{"start":{"line":27,"column":35},"end":{"line":27,"column":36}},"loc":{"start":{"line":27,"column":41},"end":{"line":30,"column":3}},"line":27},"10":{"name":"(anonymous_10)","decl":{"start":{"line":32,"column":30},"end":{"line":32,"column":31}},"loc":{"start":{"line":32,"column":36},"end":{"line":32,"column":85}},"line":32},"11":{"name":"(anonymous_11)","decl":{"start":{"line":32,"column":57},"end":{"line":32,"column":58}},"loc":{"start":{"line":32,"column":67},"end":{"line":32,"column":77}},"line":32}},"branchMap":{"0":{"loc":{"start":{"line":37,"column":51},"end":{"line":37,"column":76}},"type":"cond-expr","locations":[{"start":{"line":37,"column":65},"end":{"line":37,"column":72}},{"start":{"line":37,"column":75},"end":{"line":37,"column":76}}],"line":37},"1":{"loc":{"start":{"line":51,"column":17},"end":{"line":51,"column":91}},"type":"cond-expr","locations":[{"start":{"line":51,"column":41},"end":{"line":51,"column":64}},{"start":{"line":51,"column":67},"end":{"line":51,"column":91}}],"line":51},"2":{"loc":{"start":{"line":59,"column":17},"end":{"line":59,"column":45}},"type":"binary-expr","locations":[{"start":{"line":59,"column":17},"end":{"line":59,"column":38}},{"start":{"line":59,"column":42},"end":{"line":59,"column":45}}],"line":59}},"s":{"0":0,"1":0,"2":0,"3":0,"4":0,"5":0,"6":0,"7":0,"8":0,"9":0,"10":0,"11":0,"12":0,"13":0,"14":0,"15":0,"16":0,"17":0,"18":0,"19":0,"20":0,"21":0,"22":0,"23":0,"24":0,"25":0,"26":0},"f":{"0":0,"1":0,"2":0,"3":0,"4":0,"5":0,"6":0,"7":0,"8":0,"9":0,"10":0,"11":0},"b":{"0":[0,0],"1":[0,0],"2":[0,0]}}
,"C:\\Users\\Monica S\\OneDrive\\Desktop\\Project\\src\\components\\PageHeader.jsx": {"path":"C:\\Users\\Monica S\\OneDrive\\Desktop\\Project\\src\\components\\PageHeader.jsx","statementMap":{"0":{"start":{"line":4,"column":19},"end":{"line":18,"column":2}},"1":{"start":{"line":5,"column":2},"end":{"line":17,"column":4}}},"fnMap":{"0":{"name":"PageHeader","decl":{"start":{"line":4,"column":33},"end":{"line":4,"column":43}},"loc":{"start":{"line":4,"column":73},"end":{"line":18,"column":1}},"line":4}},"branchMap":{"0":{"loc":{"start":{"line":15,"column":7},"end":{"line":15,"column":56}},"type":"binary-expr","locations":[{"start":{"line":15,"column":7},"end":{"line":15,"column":13}},{"start":{"line":15,"column":17},"end":{"line":15,"column":56}}],"line":15}},"s":{"0":0,"1":0},"f":{"0":0},"b":{"0":[0,0]}}
,"C:\\Users\\Monica S\\OneDrive\\Desktop\\Project\\src\\components\\ProtectedRoute.jsx": {"path":"C:\\Users\\Monica S\\OneDrive\\Desktop\\Project\\src\\components\\ProtectedRoute.jsx","statementMap":{"0":{"start":{"line":4,"column":23},"end":{"line":17,"column":1}},"1":{"start":{"line":5,"column":19},"end":{"line":5,"column":32}},"2":{"start":{"line":6,"column":15},"end":{"line":6,"column":54}},"3":{"start":{"line":6,"column":38},"end":{"line":6,"column":53}},"4":{"start":{"line":8,"column":2},"end":{"line":10,"column":3}},"5":{"start":{"line":9,"column":4},"end":{"line":9,"column":71}},"6":{"start":{"line":12,"column":2},"end":{"line":14,"column":3}},"7":{"start":{"line":13,"column":4},"end":{"line":13,"column":48}},"8":{"start":{"line":16,"column":2},"end":{"line":16,"column":18}}},"fnMap":{"0":{"name":"(anonymous_0)","decl":{"start":{"line":4,"column":23},"end":{"line":4,"column":24}},"loc":{"start":{"line":4,"column":55},"end":{"line":17,"column":1}},"line":4},"1":{"name":"(anonymous_1)","decl":{"start":{"line":6,"column":27},"end":{"line":6,"column":28}},"loc":{"start":{"line":6,"column":38},"end":{"line":6,"column":53}},"line":6}},"branchMap":{"0":{"loc":{"start":{"line":8,"column":2},"end":{"line":10,"column":3}},"type":"if","locations":[{"start":{"line":8,"column":2},"end":{"line":10,"column":3}},{"start":{},"end":{}}],"line":8},"1":{"loc":{"start":{"line":12,"column":2},"end":{"line":14,"column":3}},"type":"if","locations":[{"start":{"line":12,"column":2},"end":{"line":14,"column":3}},{"start":{},"end":{}}],"line":12},"2":{"loc":{"start":{"line":12,"column":6},"end":{"line":12,"column":55}},"type":"binary-expr","locations":[{"start":{"line":12,"column":6},"end":{"line":12,"column":18}},{"start":{"line":12,"column":22},"end":{"line":12,"column":55}}],"line":12}},"s":{"0":0,"1":0,"2":0,"3":0,"4":0,"5":0,"6":0,"7":0,"8":0},"f":{"0":0,"1":0},"b":{"0":[0,0],"1":[0,0],"2":[0,0]}}
,"C:\\Users\\Monica S\\OneDrive\\Desktop\\Project\\src\\components\\Sidebar.jsx": {"path":"C:\\Users\\Monica S\\OneDrive\\Desktop\\Project\\src\\components\\Sidebar.jsx","statementMap":{"0":{"start":{"line":13,"column":14},"end":{"line":22,"column":1}},"1":{"start":{"line":24,"column":16},"end":{"line":53,"column":2}},"2":{"start":{"line":25,"column":19},"end":{"line":25,"column":32}},"3":{"start":{"line":26,"column":19},"end":{"line":26,"column":32}},"4":{"start":{"line":28,"column":27},"end":{"line":33,"column":3}},"5":{"start":{"line":30,"column":6},"end":{"line":30,"column":21}},"6":{"start":{"line":35,"column":23},"end":{"line":35,"column":47}},"7":{"start":{"line":35,"column":37},"end":{"line":35,"column":42}},"8":{"start":{"line":37,"column":2},"end":{"line":52,"column":4}},"9":{"start":{"line":45,"column":10},"end":{"line":48,"column":27}},"10":{"start":{"line":45,"column":100},"end":{"line":45,"column":127}}},"fnMap":{"0":{"name":"Sidebar","decl":{"start":{"line":24,"column":30},"end":{"line":24,"column":37}},"loc":{"start":{"line":24,"column":48},"end":{"line":53,"column":1}},"line":24},"1":{"name":"(anonymous_1)","decl":{"start":{"line":29,"column":4},"end":{"line":29,"column":5}},"loc":{"start":{"line":29,"column":14},"end":{"line":31,"column":5}},"line":29},"2":{"name":"(anonymous_2)","decl":{"start":{"line":35,"column":31},"end":{"line":35,"column":32}},"loc":{"start":{"line":35,"column":37},"end":{"line":35,"column":42}},"line":35},"3":{"name":"(anonymous_3)","decl":{"start":{"line":44,"column":26},"end":{"line":44,"column":27}},"loc":{"start":{"line":45,"column":10},"end":{"line":48,"column":27}},"line":45},"4":{"name":"(anonymous_4)","decl":{"start":{"line":45,"column":94},"end":{"line":45,"column":95}},"loc":{"start":{"line":45,"column":100},"end":{"line":45,"column":127}},"line":45}},"branchMap":{},"s":{"0":0,"1":0,"2":0,"3":0,"4":0,"5":0,"6":0,"7":0,"8":0,"9":0,"10":0},"f":{"0":0,"1":0,"2":0,"3":0,"4":0},"b":{}}
,"C:\\Users\\Monica S\\OneDrive\\Desktop\\Project\\src\\components\\StatCard.jsx": {"path":"C:\\Users\\Monica S\\OneDrive\\Desktop\\Project\\src\\components\\StatCard.jsx","statementMap":{"0":{"start":{"line":4,"column":17},"end":{"line":18,"column":2}},"1":{"start":{"line":5,"column":2},"end":{"line":17,"column":4}}},"fnMap":{"0":{"name":"StatCard","decl":{"start":{"line":4,"column":31},"end":{"line":4,"column":39}},"loc":{"start":{"line":4,"column":75},"end":{"line":18,"column":1}},"line":4}},"branchMap":{},"s":{"0":0,"1":0},"f":{"0":0},"b":{}}
,"C:\\Users\\Monica S\\OneDrive\\Desktop\\Project\\src\\pages\\AuditPage.jsx": {"path":"C:\\Users\\Monica S\\OneDrive\\Desktop\\Project\\src\\pages\\AuditPage.jsx","statementMap":{"0":{"start":{"line":7,"column":18},"end":{"line":42,"column":1}},"1":{"start":{"line":8,"column":19},"end":{"line":8,"column":32}},"2":{"start":{"line":9,"column":16},"end":{"line":9,"column":57}},"3":{"start":{"line":9,"column":39},"end":{"line":9,"column":56}},"4":{"start":{"line":11,"column":2},"end":{"line":13,"column":17}},"5":{"start":{"line":12,"column":4},"end":{"line":12,"column":31}},"6":{"start":{"line":15,"column":2},"end":{"line":41,"column":4}},"7":{"start":{"line":30,"column":16},"end":{"line":34,"column":27}}},"fnMap":{"0":{"name":"(anonymous_0)","decl":{"start":{"line":7,"column":18},"end":{"line":7,"column":19}},"loc":{"start":{"line":7,"column":24},"end":{"line":42,"column":1}},"line":7},"1":{"name":"(anonymous_1)","decl":{"start":{"line":9,"column":28},"end":{"line":9,"column":29}},"loc":{"start":{"line":9,"column":39},"end":{"line":9,"column":56}},"line":9},"2":{"name":"(anonymous_2)","decl":{"start":{"line":11,"column":12},"end":{"line":11,"column":13}},"loc":{"start":{"line":11,"column":18},"end":{"line":13,"column":3}},"line":11},"3":{"name":"(anonymous_3)","decl":{"start":{"line":29,"column":25},"end":{"line":29,"column":26}},"loc":{"start":{"line":30,"column":16},"end":{"line":34,"column":27}},"line":30}},"branchMap":{},"s":{"0":0,"1":0,"2":0,"3":0,"4":0,"5":0,"6":0,"7":0},"f":{"0":0,"1":0,"2":0,"3":0},"b":{}}
,"C:\\Users\\Monica S\\OneDrive\\Desktop\\Project\\src\\pages\\CompliancePage.jsx": {"path":"C:\\Users\\Monica S\\OneDrive\\Desktop\\Project\\src\\pages\\CompliancePage.jsx","statementMap":{"0":{"start":{"line":7,"column":23},"end":{"line":42,"column":1}},"1":{"start":{"line":8,"column":19},"end":{"line":8,"column":32}},"2":{"start":{"line":9,"column":16},"end":{"line":9,"column":62}},"3":{"start":{"line":9,"column":39},"end":{"line":9,"column":61}},"4":{"start":{"line":11,"column":2},"end":{"line":13,"column":17}},"5":{"start":{"line":12,"column":4},"end":{"line":12,"column":36}},"6":{"start":{"line":15,"column":2},"end":{"line":41,"column":4}},"7":{"start":{"line":30,"column":16},"end":{"line":34,"column":27}}},"fnMap":{"0":{"name":"(anonymous_0)","decl":{"start":{"line":7,"column":23},"end":{"line":7,"column":24}},"loc":{"start":{"line":7,"column":29},"end":{"line":42,"column":1}},"line":7},"1":{"name":"(anonymous_1)","decl":{"start":{"line":9,"column":28},"end":{"line":9,"column":29}},"loc":{"start":{"line":9,"column":39},"end":{"line":9,"column":61}},"line":9},"2":{"name":"(anonymous_2)","decl":{"start":{"line":11,"column":12},"end":{"line":11,"column":13}},"loc":{"start":{"line":11,"column":18},"end":{"line":13,"column":3}},"line":11},"3":{"name":"(anonymous_3)","decl":{"start":{"line":29,"column":25},"end":{"line":29,"column":26}},"loc":{"start":{"line":30,"column":16},"end":{"line":34,"column":27}},"line":30}},"branchMap":{},"s":{"0":0,"1":0,"2":0,"3":0,"4":0,"5":0,"6":0,"7":0},"f":{"0":0,"1":0,"2":0,"3":0},"b":{}}
,"C:\\Users\\Monica S\\OneDrive\\Desktop\\Project\\src\\pages\\DashboardPage.jsx": {"path":"C:\\Users\\Monica S\\OneDrive\\Desktop\\Project\\src\\pages\\DashboardPage.jsx","statementMap":{"0":{"start":{"line":9,"column":16},"end":{"line":9,"column":60}},"1":{"start":{"line":11,"column":22},"end":{"line":131,"column":1}},"2":{"start":{"line":12,"column":19},"end":{"line":12,"column":32}},"3":{"start":{"line":13,"column":15},"end":{"line":13,"column":59}},"4":{"start":{"line":13,"column":38},"end":{"line":13,"column":58}},"5":{"start":{"line":15,"column":2},"end":{"line":17,"column":17}},"6":{"start":{"line":16,"column":4},"end":{"line":16,"column":35}},"7":{"start":{"line":19,"column":18},"end":{"line":29,"column":12}},"8":{"start":{"line":20,"column":21},"end":{"line":20,"column":41}},"9":{"start":{"line":21,"column":18},"end":{"line":21,"column":35}},"10":{"start":{"line":22,"column":18},"end":{"line":22,"column":33}},"11":{"start":{"line":23,"column":4},"end":{"line":28,"column":6}},"12":{"start":{"line":25,"column":68},"end":{"line":25,"column":93}},"13":{"start":{"line":26,"column":69},"end":{"line":26,"column":95}},"14":{"start":{"line":31,"column":20},"end":{"line":36,"column":8}},"15":{"start":{"line":31,"column":34},"end":{"line":36,"column":3}},"16":{"start":{"line":38,"column":23},"end":{"line":43,"column":8}},"17":{"start":{"line":38,"column":37},"end":{"line":43,"column":3}},"18":{"start":{"line":45,"column":2},"end":{"line":130,"column":4}},"19":{"start":{"line":50,"column":10},"end":{"line":52,"column":17}},"20":{"start":{"line":78,"column":22},"end":{"line":78,"column":86}},"21":{"start":{"line":101,"column":20},"end":{"line":105,"column":31}}},"fnMap":{"0":{"name":"(anonymous_0)","decl":{"start":{"line":11,"column":22},"end":{"line":11,"column":23}},"loc":{"start":{"line":11,"column":28},"end":{"line":131,"column":1}},"line":11},"1":{"name":"(anonymous_1)","decl":{"start":{"line":13,"column":27},"end":{"line":13,"column":28}},"loc":{"start":{"line":13,"column":38},"end":{"line":13,"column":58}},"line":13},"2":{"name":"(anonymous_2)","decl":{"start":{"line":15,"column":12},"end":{"line":15,"column":13}},"loc":{"start":{"line":15,"column":18},"end":{"line":17,"column":3}},"line":15},"3":{"name":"(anonymous_3)","decl":{"start":{"line":19,"column":26},"end":{"line":19,"column":27}},"loc":{"start":{"line":19,"column":32},"end":{"line":29,"column":3}},"line":19},"4":{"name":"(anonymous_4)","decl":{"start":{"line":25,"column":58},"end":{"line":25,"column":59}},"loc":{"start":{"line":25,"column":68},"end":{"line":25,"column":93}},"line":25},"5":{"name":"(anonymous_5)","decl":{"start":{"line":26,"column":59},"end":{"line":26,"column":60}},"loc":{"start":{"line":26,"column":69},"end":{"line":26,"column":95}},"line":26},"6":{"name":"(anonymous_6)","decl":{"start":{"line":31,"column":28},"end":{"line":31,"column":29}},"loc":{"start":{"line":31,"column":34},"end":{"line":36,"column":3}},"line":31},"7":{"name":"(anonymous_7)","decl":{"start":{"line":38,"column":31},"end":{"line":38,"column":32}},"loc":{"start":{"line":38,"column":37},"end":{"line":43,"column":3}},"line":38},"8":{"name":"(anonymous_8)","decl":{"start":{"line":49,"column":21},"end":{"line":49,"column":22}},"loc":{"start":{"line":50,"column":10},"end":{"line":52,"column":17}},"line":50},"9":{"name":"(anonymous_9)","decl":{"start":{"line":77,"column":38},"end":{"line":77,"column":39}},"loc":{"start":{"line":78,"column":22},"end":{"line":78,"column":86}},"line":78},"10":{"name":"(anonymous_10)","decl":{"start":{"line":100,"column":58},"end":{"line":100,"column":59}},"loc":{"start":{"line":101,"column":20},"end":{"line":105,"column":31}},"line":101}},"branchMap":{"0":{"loc":{"start":{"line":20,"column":21},"end":{"line":20,"column":41}},"type":"binary-expr","locations":[{"start":{"line":20,"column":21},"end":{"line":20,"column":35}},{"start":{"line":20,"column":39},"end":{"line":20,"column":41}}],"line":20},"1":{"loc":{"start":{"line":21,"column":18},"end":{"line":21,"column":35}},"type":"binary-expr","locations":[{"start":{"line":21,"column":18},"end":{"line":21,"column":29}},{"start":{"line":21,"column":33},"end":{"line":21,"column":35}}],"line":21},"2":{"loc":{"start":{"line":100,"column":20},"end":{"line":100,"column":40}},"type":"binary-expr","locations":[{"start":{"line":100,"column":20},"end":{"line":100,"column":34}},{"start":{"line":100,"column":38},"end":{"line":100,"column":40}}],"line":100}},"s":{"0":0,"1":0,"2":0,"3":0,"4":0,"5":0,"6":0,"7":0,"8":0,"9":0,"10":0,"11":0,"12":0,"13":0,"14":0,"15":0,"16":0,"17":0,"18":0,"19":0,"20":0,"21":0},"f":{"0":0,"1":0,"2":0,"3":0,"4":0,"5":0,"6":0,"7":0,"8":0,"9":0,"10":0},"b":{"0":[0,0],"1":[0,0],"2":[0,0]}}
,"C:\\Users\\Monica S\\OneDrive\\Desktop\\Project\\src\\pages\\ForgotPasswordPage.jsx": {"path":"C:\\Users\\Monica S\\OneDrive\\Desktop\\Project\\src\\pages\\ForgotPasswordPage.jsx","statementMap":{"0":{"start":{"line":5,"column":27},"end":{"line":23,"column":1}},"1":{"start":{"line":6,"column":2},"end":{"line":22,"column":8}}},"fnMap":{"0":{"name":"(anonymous_0)","decl":{"start":{"line":5,"column":27},"end":{"line":5,"column":28}},"loc":{"start":{"line":6,"column":2},"end":{"line":22,"column":8}},"line":6}},"branchMap":{},"s":{"0":0,"1":0},"f":{"0":0},"b":{}}
,"C:\\Users\\Monica S\\OneDrive\\Desktop\\Project\\src\\pages\\LoginPage.jsx": {"path":"C:\\Users\\Monica S\\OneDrive\\Desktop\\Project\\src\\pages\\LoginPage.jsx","statementMap":{"0":{"start":{"line":10,"column":15},"end":{"line":13,"column":2}},"1":{"start":{"line":15,"column":18},"end":{"line":57,"column":1}},"2":{"start":{"line":16,"column":19},"end":{"line":16,"column":32}},"3":{"start":{"line":17,"column":19},"end":{"line":17,"column":32}},"4":{"start":{"line":18,"column":34},"end":{"line":18,"column":68}},"5":{"start":{"line":18,"column":57},"end":{"line":18,"column":67}},"6":{"start":{"line":19,"column":60},"end":{"line":19,"column":102}},"7":{"start":{"line":21,"column":19},"end":{"line":21,"column":58}},"8":{"start":{"line":21,"column":31},"end":{"line":21,"column":58}},"9":{"start":{"line":23,"column":2},"end":{"line":27,"column":23}},"10":{"start":{"line":24,"column":4},"end":{"line":26,"column":5}},"11":{"start":{"line":25,"column":6},"end":{"line":25,"column":29}},"12":{"start":{"line":29,"column":2},"end":{"line":56,"column":4}}},"fnMap":{"0":{"name":"(anonymous_0)","decl":{"start":{"line":15,"column":18},"end":{"line":15,"column":19}},"loc":{"start":{"line":15,"column":24},"end":{"line":57,"column":1}},"line":15},"1":{"name":"(anonymous_1)","decl":{"start":{"line":18,"column":46},"end":{"line":18,"column":47}},"loc":{"start":{"line":18,"column":57},"end":{"line":18,"column":67}},"line":18},"2":{"name":"(anonymous_2)","decl":{"start":{"line":21,"column":19},"end":{"line":21,"column":20}},"loc":{"start":{"line":21,"column":31},"end":{"line":21,"column":58}},"line":21},"3":{"name":"(anonymous_3)","decl":{"start":{"line":23,"column":12},"end":{"line":23,"column":13}},"loc":{"start":{"line":23,"column":18},"end":{"line":27,"column":3}},"line":23}},"branchMap":{"0":{"loc":{"start":{"line":24,"column":4},"end":{"line":26,"column":5}},"type":"if","locations":[{"start":{"line":24,"column":4},"end":{"line":26,"column":5}},{"start":{},"end":{}}],"line":24},"1":{"loc":{"start":{"line":39,"column":11},"end":{"line":39,"column":74}},"type":"binary-expr","locations":[{"start":{"line":39,"column":11},"end":{"line":39,"column":16}},{"start":{"line":39,"column":20},"end":{"line":39,"column":74}}],"line":39},"2":{"loc":{"start":{"line":45,"column":17},"end":{"line":45,"column":67}},"type":"cond-expr","locations":[{"start":{"line":45,"column":40},"end":{"line":45,"column":55}},{"start":{"line":45,"column":58},"end":{"line":45,"column":67}}],"line":45}},"s":{"0":1,"1":1,"2":2,"3":2,"4":2,"5":3,"6":2,"7":2,"8":0,"9":2,"10":1,"11":0,"12":2},"f":{"0":2,"1":3,"2":0,"3":1},"b":{"0":[0,1],"1":[2,0],"2":[0,2]},"_coverageSchema":"1a1c01bbd47fc00a2c39e90264f33305004495a9","hash":"fab91a3801e32765b38cc0a05e7283b25a6eb4f8"}
,"C:\\Users\\Monica S\\OneDrive\\Desktop\\Project\\src\\pages\\NotFoundPage.jsx": {"path":"C:\\Users\\Monica S\\OneDrive\\Desktop\\Project\\src\\pages\\NotFoundPage.jsx","statementMap":{"0":{"start":{"line":5,"column":21},"end":{"line":17,"column":1}},"1":{"start":{"line":6,"column":2},"end":{"line":16,"column":8}}},"fnMap":{"0":{"name":"(anonymous_0)","decl":{"start":{"line":5,"column":21},"end":{"line":5,"column":22}},"loc":{"start":{"line":6,"column":2},"end":{"line":16,"column":8}},"line":6}},"branchMap":{},"s":{"0":0,"1":0},"f":{"0":0},"b":{}}
,"C:\\Users\\Monica S\\OneDrive\\Desktop\\Project\\src\\pages\\ProcurementPage.jsx": {"path":"C:\\Users\\Monica S\\OneDrive\\Desktop\\Project\\src\\pages\\ProcurementPage.jsx","statementMap":{"0":{"start":{"line":7,"column":24},"end":{"line":65,"column":1}},"1":{"start":{"line":8,"column":19},"end":{"line":8,"column":32}},"2":{"start":{"line":9,"column":16},"end":{"line":9,"column":63}},"3":{"start":{"line":9,"column":39},"end":{"line":9,"column":62}},"4":{"start":{"line":10,"column":30},"end":{"line":10,"column":42}},"5":{"start":{"line":11,"column":30},"end":{"line":11,"column":45}},"6":{"start":{"line":13,"column":2},"end":{"line":15,"column":17}},"7":{"start":{"line":14,"column":4},"end":{"line":14,"column":37}},"8":{"start":{"line":17,"column":23},"end":{"line":23,"column":29}},"9":{"start":{"line":18,"column":4},"end":{"line":22,"column":7}},"10":{"start":{"line":19,"column":26},"end":{"line":19,"column":145}},"11":{"start":{"line":20,"column":26},"end":{"line":20,"column":68}},"12":{"start":{"line":21,"column":6},"end":{"line":21,"column":40}},"13":{"start":{"line":25,"column":2},"end":{"line":64,"column":4}},"14":{"start":{"line":31,"column":82},"end":{"line":31,"column":111}},"15":{"start":{"line":32,"column":81},"end":{"line":32,"column":110}},"16":{"start":{"line":51,"column":16},"end":{"line":57,"column":27}}},"fnMap":{"0":{"name":"(anonymous_0)","decl":{"start":{"line":7,"column":24},"end":{"line":7,"column":25}},"loc":{"start":{"line":7,"column":30},"end":{"line":65,"column":1}},"line":7},"1":{"name":"(anonymous_1)","decl":{"start":{"line":9,"column":28},"end":{"line":9,"column":29}},"loc":{"start":{"line":9,"column":39},"end":{"line":9,"column":62}},"line":9},"2":{"name":"(anonymous_2)","decl":{"start":{"line":13,"column":12},"end":{"line":13,"column":13}},"loc":{"start":{"line":13,"column":18},"end":{"line":15,"column":3}},"line":13},"3":{"name":"(anonymous_3)","decl":{"start":{"line":17,"column":31},"end":{"line":17,"column":32}},"loc":{"start":{"line":17,"column":37},"end":{"line":23,"column":3}},"line":17},"4":{"name":"(anonymous_4)","decl":{"start":{"line":18,"column":24},"end":{"line":18,"column":25}},"loc":{"start":{"line":18,"column":34},"end":{"line":22,"column":5}},"line":18},"5":{"name":"(anonymous_5)","decl":{"start":{"line":31,"column":71},"end":{"line":31,"column":72}},"loc":{"start":{"line":31,"column":82},"end":{"line":31,"column":111}},"line":31},"6":{"name":"(anonymous_6)","decl":{"start":{"line":32,"column":70},"end":{"line":32,"column":71}},"loc":{"start":{"line":32,"column":81},"end":{"line":32,"column":110}},"line":32},"7":{"name":"(anonymous_7)","decl":{"start":{"line":50,"column":32},"end":{"line":50,"column":33}},"loc":{"start":{"line":51,"column":16},"end":{"line":57,"column":27}},"line":51}},"branchMap":{"0":{"loc":{"start":{"line":19,"column":26},"end":{"line":19,"column":145}},"type":"binary-expr","locations":[{"start":{"line":19,"column":26},"end":{"line":19,"column":81}},{"start":{"line":19,"column":85},"end":{"line":19,"column":145}}],"line":19},"1":{"loc":{"start":{"line":20,"column":26},"end":{"line":20,"column":68}},"type":"binary-expr","locations":[{"start":{"line":20,"column":26},"end":{"line":20,"column":42}},{"start":{"line":20,"column":46},"end":{"line":20,"column":68}}],"line":20},"2":{"loc":{"start":{"line":21,"column":13},"end":{"line":21,"column":39}},"type":"binary-expr","locations":[{"start":{"line":21,"column":13},"end":{"line":21,"column":24}},{"start":{"line":21,"column":28},"end":{"line":21,"column":39}}],"line":21}},"s":{"0":0,"1":0,"2":0,"3":0,"4":0,"5":0,"6":0,"7":0,"8":0,"9":0,"10":0,"11":0,"12":0,"13":0,"14":0,"15":0,"16":0},"f":{"0":0,"1":0,"2":0,"3":0,"4":0,"5":0,"6":0,"7":0},"b":{"0":[0,0],"1":[0,0],"2":[0,0]}}
,"C:\\Users\\Monica S\\OneDrive\\Desktop\\Project\\src\\pages\\ReportsPage.jsx": {"path":"C:\\Users\\Monica S\\OneDrive\\Desktop\\Project\\src\\pages\\ReportsPage.jsx","statementMap":{"0":{"start":{"line":7,"column":20},"end":{"line":40,"column":1}},"1":{"start":{"line":8,"column":19},"end":{"line":8,"column":32}},"2":{"start":{"line":9,"column":16},"end":{"line":9,"column":58}},"3":{"start":{"line":9,"column":39},"end":{"line":9,"column":57}},"4":{"start":{"line":11,"column":2},"end":{"line":13,"column":17}},"5":{"start":{"line":12,"column":4},"end":{"line":12,"column":29}},"6":{"start":{"line":15,"column":2},"end":{"line":39,"column":4}},"7":{"start":{"line":29,"column":16},"end":{"line":32,"column":27}}},"fnMap":{"0":{"name":"(anonymous_0)","decl":{"start":{"line":7,"column":20},"end":{"line":7,"column":21}},"loc":{"start":{"line":7,"column":26},"end":{"line":40,"column":1}},"line":7},"1":{"name":"(anonymous_1)","decl":{"start":{"line":9,"column":28},"end":{"line":9,"column":29}},"loc":{"start":{"line":9,"column":39},"end":{"line":9,"column":57}},"line":9},"2":{"name":"(anonymous_2)","decl":{"start":{"line":11,"column":12},"end":{"line":11,"column":13}},"loc":{"start":{"line":11,"column":18},"end":{"line":13,"column":3}},"line":11},"3":{"name":"(anonymous_3)","decl":{"start":{"line":28,"column":25},"end":{"line":28,"column":26}},"loc":{"start":{"line":29,"column":16},"end":{"line":32,"column":27}},"line":29}},"branchMap":{},"s":{"0":0,"1":0,"2":0,"3":0,"4":0,"5":0,"6":0,"7":0},"f":{"0":0,"1":0,"2":0,"3":0},"b":{}}
,"C:\\Users\\Monica S\\OneDrive\\Desktop\\Project\\src\\pages\\ResetPasswordPage.jsx": {"path":"C:\\Users\\Monica S\\OneDrive\\Desktop\\Project\\src\\pages\\ResetPasswordPage.jsx","statementMap":{"0":{"start":{"line":5,"column":26},"end":{"line":24,"column":1}},"1":{"start":{"line":6,"column":2},"end":{"line":23,"column":8}}},"fnMap":{"0":{"name":"(anonymous_0)","decl":{"start":{"line":5,"column":26},"end":{"line":5,"column":27}},"loc":{"start":{"line":6,"column":2},"end":{"line":23,"column":8}},"line":6}},"branchMap":{},"s":{"0":0,"1":0},"f":{"0":0},"b":{}}
,"C:\\Users\\Monica S\\OneDrive\\Desktop\\Project\\src\\pages\\RiskPage.jsx": {"path":"C:\\Users\\Monica S\\OneDrive\\Desktop\\Project\\src\\pages\\RiskPage.jsx","statementMap":{"0":{"start":{"line":8,"column":16},"end":{"line":8,"column":60}},"1":{"start":{"line":10,"column":17},"end":{"line":58,"column":1}},"2":{"start":{"line":11,"column":19},"end":{"line":11,"column":32}},"3":{"start":{"line":12,"column":16},"end":{"line":12,"column":56}},"4":{"start":{"line":12,"column":39},"end":{"line":12,"column":55}},"5":{"start":{"line":14,"column":2},"end":{"line":16,"column":17}},"6":{"start":{"line":15,"column":4},"end":{"line":15,"column":30}},"7":{"start":{"line":18,"column":2},"end":{"line":57,"column":4}},"8":{"start":{"line":46,"column":22},"end":{"line":46,"column":86}}},"fnMap":{"0":{"name":"(anonymous_0)","decl":{"start":{"line":10,"column":17},"end":{"line":10,"column":18}},"loc":{"start":{"line":10,"column":23},"end":{"line":58,"column":1}},"line":10},"1":{"name":"(anonymous_1)","decl":{"start":{"line":12,"column":28},"end":{"line":12,"column":29}},"loc":{"start":{"line":12,"column":39},"end":{"line":12,"column":55}},"line":12},"2":{"name":"(anonymous_2)","decl":{"start":{"line":14,"column":12},"end":{"line":14,"column":13}},"loc":{"start":{"line":14,"column":18},"end":{"line":16,"column":3}},"line":14},"3":{"name":"(anonymous_3)","decl":{"start":{"line":45,"column":31},"end":{"line":45,"column":32}},"loc":{"start":{"line":46,"column":22},"end":{"line":46,"column":86}},"line":46}},"branchMap":{},"s":{"0":0,"1":0,"2":0,"3":0,"4":0,"5":0,"6":0,"7":0,"8":0},"f":{"0":0,"1":0,"2":0,"3":0},"b":{}}
,"C:\\Users\\Monica S\\OneDrive\\Desktop\\Project\\src\\pages\\SettingsPage.jsx": {"path":"C:\\Users\\Monica S\\OneDrive\\Desktop\\Project\\src\\pages\\SettingsPage.jsx","statementMap":{"0":{"start":{"line":5,"column":21},"end":{"line":19,"column":1}},"1":{"start":{"line":6,"column":2},"end":{"line":18,"column":8}}},"fnMap":{"0":{"name":"(anonymous_0)","decl":{"start":{"line":5,"column":21},"end":{"line":5,"column":22}},"loc":{"start":{"line":6,"column":2},"end":{"line":18,"column":8}},"line":6}},"branchMap":{},"s":{"0":0,"1":0},"f":{"0":0},"b":{}}
,"C:\\Users\\Monica S\\OneDrive\\Desktop\\Project\\src\\pages\\VendorsPage.jsx": {"path":"C:\\Users\\Monica S\\OneDrive\\Desktop\\Project\\src\\pages\\VendorsPage.jsx","statementMap":{"0":{"start":{"line":7,"column":20},"end":{"line":46,"column":1}},"1":{"start":{"line":8,"column":19},"end":{"line":8,"column":32}},"2":{"start":{"line":9,"column":16},"end":{"line":9,"column":58}},"3":{"start":{"line":9,"column":39},"end":{"line":9,"column":57}},"4":{"start":{"line":11,"column":2},"end":{"line":13,"column":17}},"5":{"start":{"line":12,"column":4},"end":{"line":12,"column":32}},"6":{"start":{"line":15,"column":2},"end":{"line":45,"column":4}},"7":{"start":{"line":32,"column":16},"end":{"line":38,"column":27}}},"fnMap":{"0":{"name":"(anonymous_0)","decl":{"start":{"line":7,"column":20},"end":{"line":7,"column":21}},"loc":{"start":{"line":7,"column":26},"end":{"line":46,"column":1}},"line":7},"1":{"name":"(anonymous_1)","decl":{"start":{"line":9,"column":28},"end":{"line":9,"column":29}},"loc":{"start":{"line":9,"column":39},"end":{"line":9,"column":57}},"line":9},"2":{"name":"(anonymous_2)","decl":{"start":{"line":11,"column":12},"end":{"line":11,"column":13}},"loc":{"start":{"line":11,"column":18},"end":{"line":13,"column":3}},"line":11},"3":{"name":"(anonymous_3)","decl":{"start":{"line":31,"column":25},"end":{"line":31,"column":26}},"loc":{"start":{"line":32,"column":16},"end":{"line":38,"column":27}},"line":32}},"branchMap":{},"s":{"0":0,"1":0,"2":0,"3":0,"4":0,"5":0,"6":0,"7":0},"f":{"0":0,"1":0,"2":0,"3":0},"b":{}}
,"C:\\Users\\Monica S\\OneDrive\\Desktop\\Project\\src\\store\\store.js": {"path":"C:\\Users\\Monica S\\OneDrive\\Desktop\\Project\\src\\store\\store.js","statementMap":{"0":{"start":{"line":15,"column":22},"end":{"line":19,"column":1}},"1":{"start":{"line":21,"column":20},"end":{"line":32,"column":1}},"2":{"start":{"line":34,"column":25},"end":{"line":40,"column":2}},"3":{"start":{"line":35,"column":19},"end":{"line":38,"column":8}},"4":{"start":{"line":36,"column":4},"end":{"line":36,"column":72}},"5":{"start":{"line":37,"column":4},"end":{"line":37,"column":15}},"6":{"start":{"line":39,"column":2},"end":{"line":39,"column":18}},"7":{"start":{"line":42,"column":21},"end":{"line":50,"column":2}},"8":{"start":{"line":45,"column":4},"end":{"line":49,"column":6}},"9":{"start":{"line":52,"column":25},"end":{"line":52,"column":44}}},"fnMap":{"0":{"name":"(anonymous_0)","decl":{"start":{"line":34,"column":55},"end":{"line":34,"column":56}},"loc":{"start":{"line":34,"column":74},"end":{"line":40,"column":1}},"line":34},"1":{"name":"(anonymous_1)","decl":{"start":{"line":35,"column":51},"end":{"line":35,"column":52}},"loc":{"start":{"line":35,"column":65},"end":{"line":38,"column":3}},"line":35},"2":{"name":"(anonymous_2)","decl":{"start":{"line":44,"column":14},"end":{"line":44,"column":15}},"loc":{"start":{"line":45,"column":4},"end":{"line":49,"column":6}},"line":45}},"branchMap":{"0":{"loc":{"start":{"line":36,"column":32},"end":{"line":36,"column":62}},"type":"cond-expr","locations":[{"start":{"line":36,"column":40},"end":{"line":36,"column":50}},{"start":{"line":36,"column":53},"end":{"line":36,"column":62}}],"line":36}},"s":{"0":0,"1":0,"2":0,"3":0,"4":0,"5":0,"6":0,"7":0,"8":0,"9":0},"f":{"0":0,"1":0,"2":0},"b":{"0":[0,0]}}
,"C:\\Users\\Monica S\\OneDrive\\Desktop\\Project\\src\\store\\slices\\auditSlice.js": {"path":"C:\\Users\\Monica S\\OneDrive\\Desktop\\Project\\src\\store\\slices\\auditSlice.js","statementMap":{"0":{"start":{"line":3,"column":30},"end":{"line":7,"column":2}},"1":{"start":{"line":3,"column":83},"end":{"line":7,"column":1}},"2":{"start":{"line":9,"column":19},"end":{"line":30,"column":2}},"3":{"start":{"line":18,"column":4},"end":{"line":20,"column":7}},"4":{"start":{"line":19,"column":6},"end":{"line":19,"column":31}},"5":{"start":{"line":21,"column":4},"end":{"line":24,"column":7}},"6":{"start":{"line":22,"column":6},"end":{"line":22,"column":33}},"7":{"start":{"line":23,"column":6},"end":{"line":23,"column":35}},"8":{"start":{"line":25,"column":4},"end":{"line":28,"column":7}},"9":{"start":{"line":26,"column":6},"end":{"line":26,"column":30}},"10":{"start":{"line":27,"column":6},"end":{"line":27,"column":41}}},"fnMap":{"0":{"name":"(anonymous_0)","decl":{"start":{"line":3,"column":71},"end":{"line":3,"column":72}},"loc":{"start":{"line":3,"column":83},"end":{"line":7,"column":1}},"line":3},"1":{"name":"(anonymous_1)","decl":{"start":{"line":17,"column":17},"end":{"line":17,"column":18}},"loc":{"start":{"line":17,"column":30},"end":{"line":29,"column":3}},"line":17},"2":{"name":"(anonymous_2)","decl":{"start":{"line":18,"column":44},"end":{"line":18,"column":45}},"loc":{"start":{"line":18,"column":55},"end":{"line":20,"column":5}},"line":18},"3":{"name":"(anonymous_3)","decl":{"start":{"line":21,"column":46},"end":{"line":21,"column":47}},"loc":{"start":{"line":21,"column":65},"end":{"line":24,"column":5}},"line":21},"4":{"name":"(anonymous_4)","decl":{"start":{"line":25,"column":45},"end":{"line":25,"column":46}},"loc":{"start":{"line":25,"column":64},"end":{"line":28,"column":5}},"line":25}},"branchMap":{},"s":{"0":0,"1":0,"2":0,"3":0,"4":0,"5":0,"6":0,"7":0,"8":0,"9":0,"10":0},"f":{"0":0,"1":0,"2":0,"3":0,"4":0},"b":{}}
,"C:\\Users\\Monica S\\OneDrive\\Desktop\\Project\\src\\store\\slices\\authSlice.js": {"path":"C:\\Users\\Monica S\\OneDrive\\Desktop\\Project\\src\\store\\slices\\authSlice.js","statementMap":{"0":{"start":{"line":4,"column":25},"end":{"line":10,"column":2}},"1":{"start":{"line":5,"column":15},"end":{"line":5,"column":96}},"2":{"start":{"line":5,"column":37},"end":{"line":5,"column":95}},"3":{"start":{"line":6,"column":2},"end":{"line":8,"column":3}},"4":{"start":{"line":7,"column":4},"end":{"line":7,"column":43}},"5":{"start":{"line":9,"column":2},"end":{"line":9,"column":14}},"6":{"start":{"line":12,"column":18},"end":{"line":42,"column":2}},"7":{"start":{"line":21,"column":6},"end":{"line":21,"column":24}},"8":{"start":{"line":22,"column":6},"end":{"line":22,"column":28}},"9":{"start":{"line":23,"column":6},"end":{"line":23,"column":25}},"10":{"start":{"line":24,"column":6},"end":{"line":24,"column":43}},"11":{"start":{"line":28,"column":4},"end":{"line":31,"column":7}},"12":{"start":{"line":29,"column":6},"end":{"line":29,"column":31}},"13":{"start":{"line":30,"column":6},"end":{"line":30,"column":25}},"14":{"start":{"line":32,"column":4},"end":{"line":36,"column":7}},"15":{"start":{"line":33,"column":6},"end":{"line":33,"column":33}},"16":{"start":{"line":34,"column":6},"end":{"line":34,"column":34}},"17":{"start":{"line":35,"column":6},"end":{"line":35,"column":62}},"18":{"start":{"line":37,"column":4},"end":{"line":40,"column":7}},"19":{"start":{"line":38,"column":6},"end":{"line":38,"column":30}},"20":{"start":{"line":39,"column":6},"end":{"line":39,"column":41}},"21":{"start":{"line":44,"column":30},"end":{"line":44,"column":47}}},"fnMap":{"0":{"name":"(anonymous_0)","decl":{"start":{"line":4,"column":60},"end":{"line":4,"column":61}},"loc":{"start":{"line":4,"column":94},"end":{"line":10,"column":1}},"line":4},"1":{"name":"(anonymous_1)","decl":{"start":{"line":5,"column":26},"end":{"line":5,"column":27}},"loc":{"start":{"line":5,"column":37},"end":{"line":5,"column":95}},"line":5},"2":{"name":"(anonymous_2)","decl":{"start":{"line":20,"column":16},"end":{"line":20,"column":17}},"loc":{"start":{"line":20,"column":27},"end":{"line":25,"column":5}},"line":20},"3":{"name":"(anonymous_3)","decl":{"start":{"line":27,"column":17},"end":{"line":27,"column":18}},"loc":{"start":{"line":27,"column":30},"end":{"line":41,"column":3}},"line":27},"4":{"name":"(anonymous_4)","decl":{"start":{"line":28,"column":39},"end":{"line":28,"column":40}},"loc":{"start":{"line":28,"column":50},"end":{"line":31,"column":5}},"line":28},"5":{"name":"(anonymous_5)","decl":{"start":{"line":32,"column":41},"end":{"line":32,"column":42}},"loc":{"start":{"line":32,"column":60},"end":{"line":36,"column":5}},"line":32},"6":{"name":"(anonymous_6)","decl":{"start":{"line":37,"column":40},"end":{"line":37,"column":41}},"loc":{"start":{"line":37,"column":59},"end":{"line":40,"column":5}},"line":37}},"branchMap":{"0":{"loc":{"start":{"line":5,"column":37},"end":{"line":5,"column":95}},"type":"binary-expr","locations":[{"start":{"line":5,"column":37},"end":{"line":5,"column":64}},{"start":{"line":5,"column":68},"end":{"line":5,"column":95}}],"line":5},"1":{"loc":{"start":{"line":6,"column":2},"end":{"line":8,"column":3}},"type":"if","locations":[{"start":{"line":6,"column":2},"end":{"line":8,"column":3}},{"start":{},"end":{}}],"line":6}},"s":{"0":2,"1":0,"2":0,"3":0,"4":0,"5":0,"6":2,"7":0,"8":0,"9":0,"10":0,"11":2,"12":0,"13":0,"14":2,"15":1,"16":1,"17":1,"18":2,"19":1,"20":1,"21":2},"f":{"0":0,"1":0,"2":0,"3":2,"4":0,"5":1,"6":1},"b":{"0":[0,0],"1":[0,0]},"_coverageSchema":"1a1c01bbd47fc00a2c39e90264f33305004495a9","hash":"c78127370437c49d94456ac9afdd15871aa4e785"}
,"C:\\Users\\Monica S\\OneDrive\\Desktop\\Project\\src\\store\\slices\\complianceSlice.js": {"path":"C:\\Users\\Monica S\\OneDrive\\Desktop\\Project\\src\\store\\slices\\complianceSlice.js","statementMap":{"0":{"start":{"line":3,"column":35},"end":{"line":7,"column":2}},"1":{"start":{"line":3,"column":98},"end":{"line":7,"column":1}},"2":{"start":{"line":9,"column":24},"end":{"line":30,"column":2}},"3":{"start":{"line":18,"column":4},"end":{"line":20,"column":7}},"4":{"start":{"line":19,"column":6},"end":{"line":19,"column":31}},"5":{"start":{"line":21,"column":4},"end":{"line":24,"column":7}},"6":{"start":{"line":22,"column":6},"end":{"line":22,"column":33}},"7":{"start":{"line":23,"column":6},"end":{"line":23,"column":35}},"8":{"start":{"line":25,"column":4},"end":{"line":28,"column":7}},"9":{"start":{"line":26,"column":6},"end":{"line":26,"column":30}},"10":{"start":{"line":27,"column":6},"end":{"line":27,"column":41}}},"fnMap":{"0":{"name":"(anonymous_0)","decl":{"start":{"line":3,"column":86},"end":{"line":3,"column":87}},"loc":{"start":{"line":3,"column":98},"end":{"line":7,"column":1}},"line":3},"1":{"name":"(anonymous_1)","decl":{"start":{"line":17,"column":17},"end":{"line":17,"column":18}},"loc":{"start":{"line":17,"column":30},"end":{"line":29,"column":3}},"line":17},"2":{"name":"(anonymous_2)","decl":{"start":{"line":18,"column":49},"end":{"line":18,"column":50}},"loc":{"start":{"line":18,"column":60},"end":{"line":20,"column":5}},"line":18},"3":{"name":"(anonymous_3)","decl":{"start":{"line":21,"column":51},"end":{"line":21,"column":52}},"loc":{"start":{"line":21,"column":70},"end":{"line":24,"column":5}},"line":21},"4":{"name":"(anonymous_4)","decl":{"start":{"line":25,"column":50},"end":{"line":25,"column":51}},"loc":{"start":{"line":25,"column":69},"end":{"line":28,"column":5}},"line":25}},"branchMap":{},"s":{"0":0,"1":0,"2":0,"3":0,"4":0,"5":0,"6":0,"7":0,"8":0,"9":0,"10":0},"f":{"0":0,"1":0,"2":0,"3":0,"4":0},"b":{}}
,"C:\\Users\\Monica S\\OneDrive\\Desktop\\Project\\src\\store\\slices\\dashboardSlice.js": {"path":"C:\\Users\\Monica S\\OneDrive\\Desktop\\Project\\src\\store\\slices\\dashboardSlice.js","statementMap":{"0":{"start":{"line":6,"column":34},"end":{"line":10,"column":3}},"1":{"start":{"line":6,"column":96},"end":{"line":10,"column":1}},"2":{"start":{"line":12,"column":23},"end":{"line":33,"column":2}},"3":{"start":{"line":21,"column":4},"end":{"line":23,"column":7}},"4":{"start":{"line":22,"column":6},"end":{"line":22,"column":31}},"5":{"start":{"line":24,"column":4},"end":{"line":27,"column":7}},"6":{"start":{"line":25,"column":6},"end":{"line":25,"column":33}},"7":{"start":{"line":26,"column":6},"end":{"line":26,"column":34}},"8":{"start":{"line":28,"column":4},"end":{"line":31,"column":7}},"9":{"start":{"line":29,"column":6},"end":{"line":29,"column":30}},"10":{"start":{"line":30,"column":6},"end":{"line":30,"column":41}}},"fnMap":{"0":{"name":"(anonymous_0)","decl":{"start":{"line":6,"column":83},"end":{"line":6,"column":84}},"loc":{"start":{"line":6,"column":96},"end":{"line":10,"column":1}},"line":6},"1":{"name":"(anonymous_1)","decl":{"start":{"line":20,"column":17},"end":{"line":20,"column":18}},"loc":{"start":{"line":20,"column":30},"end":{"line":32,"column":3}},"line":20},"2":{"name":"(anonymous_2)","decl":{"start":{"line":21,"column":48},"end":{"line":21,"column":49}},"loc":{"start":{"line":21,"column":59},"end":{"line":23,"column":5}},"line":21},"3":{"name":"(anonymous_3)","decl":{"start":{"line":24,"column":50},"end":{"line":24,"column":51}},"loc":{"start":{"line":24,"column":69},"end":{"line":27,"column":5}},"line":24},"4":{"name":"(anonymous_4)","decl":{"start":{"line":28,"column":49},"end":{"line":28,"column":50}},"loc":{"start":{"line":28,"column":68},"end":{"line":31,"column":5}},"line":28}},"branchMap":{},"s":{"0":0,"1":0,"2":0,"3":0,"4":0,"5":0,"6":0,"7":0,"8":0,"9":0,"10":0},"f":{"0":0,"1":0,"2":0,"3":0,"4":0},"b":{}}
,"C:\\Users\\Monica S\\OneDrive\\Desktop\\Project\\src\\store\\slices\\notificationSlice.js": {"path":"C:\\Users\\Monica S\\OneDrive\\Desktop\\Project\\src\\store\\slices\\notificationSlice.js","statementMap":{"0":{"start":{"line":4,"column":34},"end":{"line":4,"column":112}},"1":{"start":{"line":4,"column":98},"end":{"line":4,"column":111}},"2":{"start":{"line":6,"column":26},"end":{"line":31,"column":2}},"3":{"start":{"line":15,"column":6},"end":{"line":15,"column":73}},"4":{"start":{"line":15,"column":47},"end":{"line":15,"column":70}},"5":{"start":{"line":19,"column":4},"end":{"line":21,"column":7}},"6":{"start":{"line":20,"column":6},"end":{"line":20,"column":31}},"7":{"start":{"line":22,"column":4},"end":{"line":25,"column":7}},"8":{"start":{"line":23,"column":6},"end":{"line":23,"column":33}},"9":{"start":{"line":24,"column":6},"end":{"line":24,"column":35}},"10":{"start":{"line":26,"column":4},"end":{"line":29,"column":7}},"11":{"start":{"line":27,"column":6},"end":{"line":27,"column":30}},"12":{"start":{"line":28,"column":6},"end":{"line":28,"column":41}},"13":{"start":{"line":33,"column":33},"end":{"line":33,"column":58}}},"fnMap":{"0":{"name":"(anonymous_0)","decl":{"start":{"line":4,"column":86},"end":{"line":4,"column":87}},"loc":{"start":{"line":4,"column":98},"end":{"line":4,"column":111}},"line":4},"1":{"name":"(anonymous_1)","decl":{"start":{"line":14,"column":19},"end":{"line":14,"column":20}},"loc":{"start":{"line":14,"column":30},"end":{"line":16,"column":5}},"line":14},"2":{"name":"(anonymous_2)","decl":{"start":{"line":15,"column":36},"end":{"line":15,"column":37}},"loc":{"start":{"line":15,"column":47},"end":{"line":15,"column":70}},"line":15},"3":{"name":"(anonymous_3)","decl":{"start":{"line":18,"column":17},"end":{"line":18,"column":18}},"loc":{"start":{"line":18,"column":30},"end":{"line":30,"column":3}},"line":18},"4":{"name":"(anonymous_4)","decl":{"start":{"line":19,"column":48},"end":{"line":19,"column":49}},"loc":{"start":{"line":19,"column":59},"end":{"line":21,"column":5}},"line":19},"5":{"name":"(anonymous_5)","decl":{"start":{"line":22,"column":50},"end":{"line":22,"column":51}},"loc":{"start":{"line":22,"column":69},"end":{"line":25,"column":5}},"line":22},"6":{"name":"(anonymous_6)","decl":{"start":{"line":26,"column":49},"end":{"line":26,"column":50}},"loc":{"start":{"line":26,"column":68},"end":{"line":29,"column":5}},"line":26}},"branchMap":{},"s":{"0":0,"1":0,"2":0,"3":0,"4":0,"5":0,"6":0,"7":0,"8":0,"9":0,"10":0,"11":0,"12":0,"13":0},"f":{"0":0,"1":0,"2":0,"3":0,"4":0,"5":0,"6":0},"b":{}}
,"C:\\Users\\Monica S\\OneDrive\\Desktop\\Project\\src\\store\\slices\\procurementSlice.js": {"path":"C:\\Users\\Monica S\\OneDrive\\Desktop\\Project\\src\\store\\slices\\procurementSlice.js","statementMap":{"0":{"start":{"line":4,"column":36},"end":{"line":4,"column":110}},"1":{"start":{"line":4,"column":101},"end":{"line":4,"column":109}},"2":{"start":{"line":6,"column":25},"end":{"line":27,"column":2}},"3":{"start":{"line":15,"column":4},"end":{"line":17,"column":7}},"4":{"start":{"line":16,"column":6},"end":{"line":16,"column":31}},"5":{"start":{"line":18,"column":4},"end":{"line":21,"column":7}},"6":{"start":{"line":19,"column":6},"end":{"line":19,"column":33}},"7":{"start":{"line":20,"column":6},"end":{"line":20,"column":35}},"8":{"start":{"line":22,"column":4},"end":{"line":25,"column":7}},"9":{"start":{"line":23,"column":6},"end":{"line":23,"column":30}},"10":{"start":{"line":24,"column":6},"end":{"line":24,"column":41}}},"fnMap":{"0":{"name":"(anonymous_0)","decl":{"start":{"line":4,"column":89},"end":{"line":4,"column":90}},"loc":{"start":{"line":4,"column":101},"end":{"line":4,"column":109}},"line":4},"1":{"name":"(anonymous_1)","decl":{"start":{"line":14,"column":17},"end":{"line":14,"column":18}},"loc":{"start":{"line":14,"column":30},"end":{"line":26,"column":3}},"line":14},"2":{"name":"(anonymous_2)","decl":{"start":{"line":15,"column":50},"end":{"line":15,"column":51}},"loc":{"start":{"line":15,"column":61},"end":{"line":17,"column":5}},"line":15},"3":{"name":"(anonymous_3)","decl":{"start":{"line":18,"column":52},"end":{"line":18,"column":53}},"loc":{"start":{"line":18,"column":71},"end":{"line":21,"column":5}},"line":18},"4":{"name":"(anonymous_4)","decl":{"start":{"line":22,"column":51},"end":{"line":22,"column":52}},"loc":{"start":{"line":22,"column":70},"end":{"line":25,"column":5}},"line":22}},"branchMap":{},"s":{"0":0,"1":0,"2":0,"3":0,"4":0,"5":0,"6":0,"7":0,"8":0,"9":0,"10":0},"f":{"0":0,"1":0,"2":0,"3":0,"4":0},"b":{}}
,"C:\\Users\\Monica S\\OneDrive\\Desktop\\Project\\src\\store\\slices\\reportSlice.js": {"path":"C:\\Users\\Monica S\\OneDrive\\Desktop\\Project\\src\\store\\slices\\reportSlice.js","statementMap":{"0":{"start":{"line":4,"column":28},"end":{"line":4,"column":88}},"1":{"start":{"line":4,"column":80},"end":{"line":4,"column":87}},"2":{"start":{"line":6,"column":20},"end":{"line":27,"column":2}},"3":{"start":{"line":15,"column":4},"end":{"line":17,"column":7}},"4":{"start":{"line":16,"column":6},"end":{"line":16,"column":31}},"5":{"start":{"line":18,"column":4},"end":{"line":21,"column":7}},"6":{"start":{"line":19,"column":6},"end":{"line":19,"column":33}},"7":{"start":{"line":20,"column":6},"end":{"line":20,"column":35}},"8":{"start":{"line":22,"column":4},"end":{"line":25,"column":7}},"9":{"start":{"line":23,"column":6},"end":{"line":23,"column":30}},"10":{"start":{"line":24,"column":6},"end":{"line":24,"column":41}}},"fnMap":{"0":{"name":"(anonymous_0)","decl":{"start":{"line":4,"column":68},"end":{"line":4,"column":69}},"loc":{"start":{"line":4,"column":80},"end":{"line":4,"column":87}},"line":4},"1":{"name":"(anonymous_1)","decl":{"start":{"line":14,"column":17},"end":{"line":14,"column":18}},"loc":{"start":{"line":14,"column":30},"end":{"line":26,"column":3}},"line":14},"2":{"name":"(anonymous_2)","decl":{"start":{"line":15,"column":42},"end":{"line":15,"column":43}},"loc":{"start":{"line":15,"column":53},"end":{"line":17,"column":5}},"line":15},"3":{"name":"(anonymous_3)","decl":{"start":{"line":18,"column":44},"end":{"line":18,"column":45}},"loc":{"start":{"line":18,"column":63},"end":{"line":21,"column":5}},"line":18},"4":{"name":"(anonymous_4)","decl":{"start":{"line":22,"column":43},"end":{"line":22,"column":44}},"loc":{"start":{"line":22,"column":62},"end":{"line":25,"column":5}},"line":22}},"branchMap":{},"s":{"0":0,"1":0,"2":0,"3":0,"4":0,"5":0,"6":0,"7":0,"8":0,"9":0,"10":0},"f":{"0":0,"1":0,"2":0,"3":0,"4":0},"b":{}}
,"C:\\Users\\Monica S\\OneDrive\\Desktop\\Project\\src\\store\\slices\\riskSlice.js": {"path":"C:\\Users\\Monica S\\OneDrive\\Desktop\\Project\\src\\store\\slices\\riskSlice.js","statementMap":{"0":{"start":{"line":4,"column":29},"end":{"line":4,"column":89}},"1":{"start":{"line":4,"column":80},"end":{"line":4,"column":88}},"2":{"start":{"line":6,"column":18},"end":{"line":27,"column":2}},"3":{"start":{"line":15,"column":4},"end":{"line":17,"column":7}},"4":{"start":{"line":16,"column":6},"end":{"line":16,"column":31}},"5":{"start":{"line":18,"column":4},"end":{"line":21,"column":7}},"6":{"start":{"line":19,"column":6},"end":{"line":19,"column":33}},"7":{"start":{"line":20,"column":6},"end":{"line":20,"column":35}},"8":{"start":{"line":22,"column":4},"end":{"line":25,"column":7}},"9":{"start":{"line":23,"column":6},"end":{"line":23,"column":30}},"10":{"start":{"line":24,"column":6},"end":{"line":24,"column":41}}},"fnMap":{"0":{"name":"(anonymous_0)","decl":{"start":{"line":4,"column":68},"end":{"line":4,"column":69}},"loc":{"start":{"line":4,"column":80},"end":{"line":4,"column":88}},"line":4},"1":{"name":"(anonymous_1)","decl":{"start":{"line":14,"column":17},"end":{"line":14,"column":18}},"loc":{"start":{"line":14,"column":30},"end":{"line":26,"column":3}},"line":14},"2":{"name":"(anonymous_2)","decl":{"start":{"line":15,"column":43},"end":{"line":15,"column":44}},"loc":{"start":{"line":15,"column":54},"end":{"line":17,"column":5}},"line":15},"3":{"name":"(anonymous_3)","decl":{"start":{"line":18,"column":45},"end":{"line":18,"column":46}},"loc":{"start":{"line":18,"column":64},"end":{"line":21,"column":5}},"line":18},"4":{"name":"(anonymous_4)","decl":{"start":{"line":22,"column":44},"end":{"line":22,"column":45}},"loc":{"start":{"line":22,"column":63},"end":{"line":25,"column":5}},"line":22}},"branchMap":{},"s":{"0":0,"1":0,"2":0,"3":0,"4":0,"5":0,"6":0,"7":0,"8":0,"9":0,"10":0},"f":{"0":0,"1":0,"2":0,"3":0,"4":0},"b":{}}
,"C:\\Users\\Monica S\\OneDrive\\Desktop\\Project\\src\\store\\slices\\uiSlice.js": {"path":"C:\\Users\\Monica S\\OneDrive\\Desktop\\Project\\src\\store\\slices\\uiSlice.js","statementMap":{"0":{"start":{"line":3,"column":16},"end":{"line":17,"column":2}},"1":{"start":{"line":11,"column":6},"end":{"line":11,"column":45}},"2":{"start":{"line":14,"column":6},"end":{"line":14,"column":71}},"3":{"start":{"line":19,"column":46},"end":{"line":19,"column":61}}},"fnMap":{"0":{"name":"(anonymous_0)","decl":{"start":{"line":10,"column":19},"end":{"line":10,"column":20}},"loc":{"start":{"line":10,"column":30},"end":{"line":12,"column":5}},"line":10},"1":{"name":"(anonymous_1)","decl":{"start":{"line":13,"column":17},"end":{"line":13,"column":18}},"loc":{"start":{"line":13,"column":28},"end":{"line":15,"column":5}},"line":13}},"branchMap":{"0":{"loc":{"start":{"line":14,"column":24},"end":{"line":14,"column":70}},"type":"cond-expr","locations":[{"start":{"line":14,"column":54},"end":{"line":14,"column":60}},{"start":{"line":14,"column":63},"end":{"line":14,"column":70}}],"line":14}},"s":{"0":0,"1":0,"2":0,"3":0},"f":{"0":0,"1":0},"b":{"0":[0,0]}}
,"C:\\Users\\Monica S\\OneDrive\\Desktop\\Project\\src\\store\\slices\\vendorSlice.js": {"path":"C:\\Users\\Monica S\\OneDrive\\Desktop\\Project\\src\\store\\slices\\vendorSlice.js","statementMap":{"0":{"start":{"line":4,"column":31},"end":{"line":4,"column":94}},"1":{"start":{"line":4,"column":86},"end":{"line":4,"column":93}},"2":{"start":{"line":6,"column":20},"end":{"line":27,"column":2}},"3":{"start":{"line":15,"column":4},"end":{"line":17,"column":7}},"4":{"start":{"line":16,"column":6},"end":{"line":16,"column":31}},"5":{"start":{"line":18,"column":4},"end":{"line":21,"column":7}},"6":{"start":{"line":19,"column":6},"end":{"line":19,"column":33}},"7":{"start":{"line":20,"column":6},"end":{"line":20,"column":35}},"8":{"start":{"line":22,"column":4},"end":{"line":25,"column":7}},"9":{"start":{"line":23,"column":6},"end":{"line":23,"column":30}},"10":{"start":{"line":24,"column":6},"end":{"line":24,"column":41}}},"fnMap":{"0":{"name":"(anonymous_0)","decl":{"start":{"line":4,"column":74},"end":{"line":4,"column":75}},"loc":{"start":{"line":4,"column":86},"end":{"line":4,"column":93}},"line":4},"1":{"name":"(anonymous_1)","decl":{"start":{"line":14,"column":17},"end":{"line":14,"column":18}},"loc":{"start":{"line":14,"column":30},"end":{"line":26,"column":3}},"line":14},"2":{"name":"(anonymous_2)","decl":{"start":{"line":15,"column":45},"end":{"line":15,"column":46}},"loc":{"start":{"line":15,"column":56},"end":{"line":17,"column":5}},"line":15},"3":{"name":"(anonymous_3)","decl":{"start":{"line":18,"column":47},"end":{"line":18,"column":48}},"loc":{"start":{"line":18,"column":66},"end":{"line":21,"column":5}},"line":18},"4":{"name":"(anonymous_4)","decl":{"start":{"line":22,"column":46},"end":{"line":22,"column":47}},"loc":{"start":{"line":22,"column":65},"end":{"line":25,"column":5}},"line":22}},"branchMap":{},"s":{"0":0,"1":0,"2":0,"3":0,"4":0,"5":0,"6":0,"7":0,"8":0,"9":0,"10":0},"f":{"0":0,"1":0,"2":0,"3":0,"4":0},"b":{}}
}
