TN:
SF:src\App.jsx
FN:8,(anonymous_0)
FN:9,(anonymous_1)
FN:10,(anonymous_2)
FN:11,(anonymous_3)
FN:12,(anonymous_4)
FN:13,(anonymous_5)
FN:14,(anonymous_6)
FN:15,(anonymous_7)
FN:16,(anonymous_8)
FN:17,(anonymous_9)
FN:18,(anonymous_10)
FN:19,(anonymous_11)
FN:21,(anonymous_12)
FN:22,(anonymous_13)
FNF:14
FNH:0
FNDA:0,(anonymous_0)
FNDA:0,(anonymous_1)
FNDA:0,(anonymous_2)
FNDA:0,(anonymous_3)
FNDA:0,(anonymous_4)
FNDA:0,(anonymous_5)
FNDA:0,(anonymous_6)
FNDA:0,(anonymous_7)
FNDA:0,(anonymous_8)
FNDA:0,(anonymous_9)
FNDA:0,(anonymous_10)
FNDA:0,(anonymous_11)
FNDA:0,(anonymous_12)
FNDA:0,(anonymous_13)
DA:8,0
DA:9,0
DA:10,0
DA:11,0
DA:12,0
DA:13,0
DA:14,0
DA:15,0
DA:16,0
DA:17,0
DA:18,0
DA:19,0
DA:21,0
DA:22,0
DA:24,0
LF:15
LH:0
BRDA:28,0,0,0
BRDA:28,0,1,0
BRF:2
BRH:0
end_of_record
TN:
SF:src\api\apiClient.js
FN:8,(anonymous_0)
FN:17,(anonymous_1)
FN:18,(anonymous_2)
FNF:3
FNH:0
FNDA:0,(anonymous_0)
FNDA:0,(anonymous_1)
FNDA:0,(anonymous_2)
DA:3,0
DA:8,0
DA:9,0
DA:10,0
DA:11,0
DA:13,0
DA:16,0
DA:17,0
DA:19,0
DA:20,0
DA:22,0
LF:11
LH:0
BRDA:10,0,0,0
BRDA:10,0,1,0
BRDA:19,1,0,0
BRDA:19,1,1,0
BRF:4
BRH:0
end_of_record
TN:
SF:src\components\ErrorBoundary.jsx
FN:5,(anonymous_0)
FN:10,(anonymous_1)
FN:14,(anonymous_2)
FN:18,(anonymous_3)
FN:26,(anonymous_4)
FNF:5
FNH:0
FNDA:0,(anonymous_0)
FNDA:0,(anonymous_1)
FNDA:0,(anonymous_2)
FNDA:0,(anonymous_3)
FNDA:0,(anonymous_4)
DA:6,0
DA:7,0
DA:11,0
DA:15,0
DA:19,0
DA:20,0
DA:26,0
DA:33,0
LF:8
LH:0
BRDA:19,0,0,0
BRDA:19,0,1,0
BRF:2
BRH:0
end_of_record
TN:
SF:src\components\Layout.jsx
FN:14,Layout
FN:17,(anonymous_1)
FN:18,(anonymous_2)
FN:19,(anonymous_3)
FN:20,(anonymous_4)
FN:23,(anonymous_5)
FN:24,(anonymous_6)
FN:25,(anonymous_7)
FN:26,(anonymous_8)
FN:27,(anonymous_9)
FN:32,(anonymous_10)
FN:32,(anonymous_11)
FNF:12
FNH:0
FNDA:0,Layout
FNDA:0,(anonymous_1)
FNDA:0,(anonymous_2)
FNDA:0,(anonymous_3)
FNDA:0,(anonymous_4)
FNDA:0,(anonymous_5)
FNDA:0,(anonymous_6)
FNDA:0,(anonymous_7)
FNDA:0,(anonymous_8)
FNDA:0,(anonymous_9)
FNDA:0,(anonymous_10)
FNDA:0,(anonymous_11)
DA:14,0
DA:15,0
DA:16,0
DA:17,0
DA:18,0
DA:19,0
DA:20,0
DA:21,0
DA:23,0
DA:24,0
DA:25,0
DA:26,0
DA:27,0
DA:28,0
DA:29,0
DA:32,0
DA:34,0
LF:17
LH:0
BRDA:37,0,0,0
BRDA:37,0,1,0
BRDA:51,1,0,0
BRDA:51,1,1,0
BRDA:59,2,0,0
BRDA:59,2,1,0
BRF:6
BRH:0
end_of_record
TN:
SF:src\components\PageHeader.jsx
FN:4,PageHeader
FNF:1
FNH:0
FNDA:0,PageHeader
DA:4,0
DA:5,0
LF:2
LH:0
BRDA:15,0,0,0
BRDA:15,0,1,0
BRF:2
BRH:0
end_of_record
TN:
SF:src\components\ProtectedRoute.jsx
FN:4,(anonymous_0)
FN:6,(anonymous_1)
FNF:2
FNH:0
FNDA:0,(anonymous_0)
FNDA:0,(anonymous_1)
DA:4,0
DA:5,0
DA:6,0
DA:8,0
DA:9,0
DA:12,0
DA:13,0
DA:16,0
LF:8
LH:0
BRDA:8,0,0,0
BRDA:8,0,1,0
BRDA:12,1,0,0
BRDA:12,1,1,0
BRDA:12,2,0,0
BRDA:12,2,1,0
BRF:6
BRH:0
end_of_record
TN:
SF:src\components\Sidebar.jsx
FN:24,Sidebar
FN:29,(anonymous_1)
FN:35,(anonymous_2)
FN:44,(anonymous_3)
FN:45,(anonymous_4)
FNF:5
FNH:0
FNDA:0,Sidebar
FNDA:0,(anonymous_1)
FNDA:0,(anonymous_2)
FNDA:0,(anonymous_3)
FNDA:0,(anonymous_4)
DA:13,0
DA:24,0
DA:25,0
DA:26,0
DA:28,0
DA:30,0
DA:35,0
DA:37,0
DA:45,0
LF:9
LH:0
BRF:0
BRH:0
end_of_record
TN:
SF:src\components\StatCard.jsx
FN:4,StatCard
FNF:1
FNH:0
FNDA:0,StatCard
DA:4,0
DA:5,0
LF:2
LH:0
BRF:0
BRH:0
end_of_record
TN:
SF:src\pages\AuditPage.jsx
FN:7,(anonymous_0)
FN:9,(anonymous_1)
FN:11,(anonymous_2)
FN:29,(anonymous_3)
FNF:4
FNH:0
FNDA:0,(anonymous_0)
FNDA:0,(anonymous_1)
FNDA:0,(anonymous_2)
FNDA:0,(anonymous_3)
DA:7,0
DA:8,0
DA:9,0
DA:11,0
DA:12,0
DA:15,0
DA:30,0
LF:7
LH:0
BRF:0
BRH:0
end_of_record
TN:
SF:src\pages\CompliancePage.jsx
FN:7,(anonymous_0)
FN:9,(anonymous_1)
FN:11,(anonymous_2)
FN:29,(anonymous_3)
FNF:4
FNH:0
FNDA:0,(anonymous_0)
FNDA:0,(anonymous_1)
FNDA:0,(anonymous_2)
FNDA:0,(anonymous_3)
DA:7,0
DA:8,0
DA:9,0
DA:11,0
DA:12,0
DA:15,0
DA:30,0
LF:7
LH:0
BRF:0
BRH:0
end_of_record
TN:
SF:src\pages\DashboardPage.jsx
FN:11,(anonymous_0)
FN:13,(anonymous_1)
FN:15,(anonymous_2)
FN:19,(anonymous_3)
FN:25,(anonymous_4)
FN:26,(anonymous_5)
FN:31,(anonymous_6)
FN:38,(anonymous_7)
FN:49,(anonymous_8)
FN:77,(anonymous_9)
FN:100,(anonymous_10)
FNF:11
FNH:0
FNDA:0,(anonymous_0)
FNDA:0,(anonymous_1)
FNDA:0,(anonymous_2)
FNDA:0,(anonymous_3)
FNDA:0,(anonymous_4)
FNDA:0,(anonymous_5)
FNDA:0,(anonymous_6)
FNDA:0,(anonymous_7)
FNDA:0,(anonymous_8)
FNDA:0,(anonymous_9)
FNDA:0,(anonymous_10)
DA:9,0
DA:11,0
DA:12,0
DA:13,0
DA:15,0
DA:16,0
DA:19,0
DA:20,0
DA:21,0
DA:22,0
DA:23,0
DA:25,0
DA:26,0
DA:31,0
DA:38,0
DA:45,0
DA:50,0
DA:78,0
DA:101,0
LF:19
LH:0
BRDA:20,0,0,0
BRDA:20,0,1,0
BRDA:21,1,0,0
BRDA:21,1,1,0
BRDA:100,2,0,0
BRDA:100,2,1,0
BRF:6
BRH:0
end_of_record
TN:
SF:src\pages\ForgotPasswordPage.jsx
FN:5,(anonymous_0)
FNF:1
FNH:0
FNDA:0,(anonymous_0)
DA:5,0
DA:6,0
LF:2
LH:0
BRF:0
BRH:0
end_of_record
TN:
SF:src\pages\LoginPage.jsx
FN:15,(anonymous_0)
FN:18,(anonymous_1)
FN:21,(anonymous_2)
FN:23,(anonymous_3)
FNF:4
FNH:3
FNDA:2,(anonymous_0)
FNDA:3,(anonymous_1)
FNDA:0,(anonymous_2)
FNDA:1,(anonymous_3)
DA:10,1
DA:15,1
DA:16,2
DA:17,2
DA:18,3
DA:19,2
DA:21,2
DA:23,2
DA:24,1
DA:25,0
DA:29,2
LF:11
LH:10
BRDA:24,0,0,0
BRDA:24,0,1,1
BRDA:39,1,0,2
BRDA:39,1,1,0
BRDA:45,2,0,0
BRDA:45,2,1,2
BRF:6
BRH:3
end_of_record
TN:
SF:src\pages\NotFoundPage.jsx
FN:5,(anonymous_0)
FNF:1
FNH:0
FNDA:0,(anonymous_0)
DA:5,0
DA:6,0
LF:2
LH:0
BRF:0
BRH:0
end_of_record
TN:
SF:src\pages\ProcurementPage.jsx
FN:7,(anonymous_0)
FN:9,(anonymous_1)
FN:13,(anonymous_2)
FN:17,(anonymous_3)
FN:18,(anonymous_4)
FN:31,(anonymous_5)
FN:32,(anonymous_6)
FN:50,(anonymous_7)
FNF:8
FNH:0
FNDA:0,(anonymous_0)
FNDA:0,(anonymous_1)
FNDA:0,(anonymous_2)
FNDA:0,(anonymous_3)
FNDA:0,(anonymous_4)
FNDA:0,(anonymous_5)
FNDA:0,(anonymous_6)
FNDA:0,(anonymous_7)
DA:7,0
DA:8,0
DA:9,0
DA:10,0
DA:11,0
DA:13,0
DA:14,0
DA:17,0
DA:18,0
DA:19,0
DA:20,0
DA:21,0
DA:25,0
DA:31,0
DA:32,0
DA:51,0
LF:16
LH:0
BRDA:19,0,0,0
BRDA:19,0,1,0
BRDA:20,1,0,0
BRDA:20,1,1,0
BRDA:21,2,0,0
BRDA:21,2,1,0
BRF:6
BRH:0
end_of_record
TN:
SF:src\pages\ReportsPage.jsx
FN:7,(anonymous_0)
FN:9,(anonymous_1)
FN:11,(anonymous_2)
FN:28,(anonymous_3)
FNF:4
FNH:0
FNDA:0,(anonymous_0)
FNDA:0,(anonymous_1)
FNDA:0,(anonymous_2)
FNDA:0,(anonymous_3)
DA:7,0
DA:8,0
DA:9,0
DA:11,0
DA:12,0
DA:15,0
DA:29,0
LF:7
LH:0
BRF:0
BRH:0
end_of_record
TN:
SF:src\pages\ResetPasswordPage.jsx
FN:5,(anonymous_0)
FNF:1
FNH:0
FNDA:0,(anonymous_0)
DA:5,0
DA:6,0
LF:2
LH:0
BRF:0
BRH:0
end_of_record
TN:
SF:src\pages\RiskPage.jsx
FN:10,(anonymous_0)
FN:12,(anonymous_1)
FN:14,(anonymous_2)
FN:45,(anonymous_3)
FNF:4
FNH:0
FNDA:0,(anonymous_0)
FNDA:0,(anonymous_1)
FNDA:0,(anonymous_2)
FNDA:0,(anonymous_3)
DA:8,0
DA:10,0
DA:11,0
DA:12,0
DA:14,0
DA:15,0
DA:18,0
DA:46,0
LF:8
LH:0
BRF:0
BRH:0
end_of_record
TN:
SF:src\pages\SettingsPage.jsx
FN:5,(anonymous_0)
FNF:1
FNH:0
FNDA:0,(anonymous_0)
DA:5,0
DA:6,0
LF:2
LH:0
BRF:0
BRH:0
end_of_record
TN:
SF:src\pages\VendorsPage.jsx
FN:7,(anonymous_0)
FN:9,(anonymous_1)
FN:11,(anonymous_2)
FN:31,(anonymous_3)
FNF:4
FNH:0
FNDA:0,(anonymous_0)
FNDA:0,(anonymous_1)
FNDA:0,(anonymous_2)
FNDA:0,(anonymous_3)
DA:7,0
DA:8,0
DA:9,0
DA:11,0
DA:12,0
DA:15,0
DA:32,0
LF:7
LH:0
BRF:0
BRH:0
end_of_record
TN:
SF:src\store\store.js
FN:34,(anonymous_0)
FN:35,(anonymous_1)
FN:44,(anonymous_2)
FNF:3
FNH:0
FNDA:0,(anonymous_0)
FNDA:0,(anonymous_1)
FNDA:0,(anonymous_2)
DA:15,0
DA:21,0
DA:34,0
DA:35,0
DA:36,0
DA:37,0
DA:39,0
DA:42,0
DA:45,0
DA:52,0
LF:10
LH:0
BRDA:36,0,0,0
BRDA:36,0,1,0
BRF:2
BRH:0
end_of_record
TN:
SF:src\store\slices\auditSlice.js
FN:3,(anonymous_0)
FN:17,(anonymous_1)
FN:18,(anonymous_2)
FN:21,(anonymous_3)
FN:25,(anonymous_4)
FNF:5
FNH:0
FNDA:0,(anonymous_0)
FNDA:0,(anonymous_1)
FNDA:0,(anonymous_2)
FNDA:0,(anonymous_3)
FNDA:0,(anonymous_4)
DA:3,0
DA:9,0
DA:18,0
DA:19,0
DA:21,0
DA:22,0
DA:23,0
DA:25,0
DA:26,0
DA:27,0
LF:10
LH:0
BRF:0
BRH:0
end_of_record
TN:
SF:src\store\slices\authSlice.js
FN:4,(anonymous_0)
FN:5,(anonymous_1)
FN:20,(anonymous_2)
FN:27,(anonymous_3)
FN:28,(anonymous_4)
FN:32,(anonymous_5)
FN:37,(anonymous_6)
FNF:7
FNH:3
FNDA:0,(anonymous_0)
FNDA:0,(anonymous_1)
FNDA:0,(anonymous_2)
FNDA:2,(anonymous_3)
FNDA:0,(anonymous_4)
FNDA:1,(anonymous_5)
FNDA:1,(anonymous_6)
DA:4,2
DA:5,0
DA:6,0
DA:7,0
DA:9,0
DA:12,2
DA:21,0
DA:22,0
DA:23,0
DA:24,0
DA:28,2
DA:29,0
DA:30,0
DA:32,2
DA:33,1
DA:34,1
DA:35,1
DA:37,2
DA:38,1
DA:39,1
DA:44,2
LF:21
LH:11
BRDA:5,0,0,0
BRDA:5,0,1,0
BRDA:6,1,0,0
BRDA:6,1,1,0
BRF:4
BRH:0
end_of_record
TN:
SF:src\store\slices\complianceSlice.js
FN:3,(anonymous_0)
FN:17,(anonymous_1)
FN:18,(anonymous_2)
FN:21,(anonymous_3)
FN:25,(anonymous_4)
FNF:5
FNH:0
FNDA:0,(anonymous_0)
FNDA:0,(anonymous_1)
FNDA:0,(anonymous_2)
FNDA:0,(anonymous_3)
FNDA:0,(anonymous_4)
DA:3,0
DA:9,0
DA:18,0
DA:19,0
DA:21,0
DA:22,0
DA:23,0
DA:25,0
DA:26,0
DA:27,0
LF:10
LH:0
BRF:0
BRH:0
end_of_record
TN:
SF:src\store\slices\dashboardSlice.js
FN:6,(anonymous_0)
FN:20,(anonymous_1)
FN:21,(anonymous_2)
FN:24,(anonymous_3)
FN:28,(anonymous_4)
FNF:5
FNH:0
FNDA:0,(anonymous_0)
FNDA:0,(anonymous_1)
FNDA:0,(anonymous_2)
FNDA:0,(anonymous_3)
FNDA:0,(anonymous_4)
DA:6,0
DA:12,0
DA:21,0
DA:22,0
DA:24,0
DA:25,0
DA:26,0
DA:28,0
DA:29,0
DA:30,0
LF:10
LH:0
BRF:0
BRH:0
end_of_record
TN:
SF:src\store\slices\notificationSlice.js
FN:4,(anonymous_0)
FN:14,(anonymous_1)
FN:15,(anonymous_2)
FN:18,(anonymous_3)
FN:19,(anonymous_4)
FN:22,(anonymous_5)
FN:26,(anonymous_6)
FNF:7
FNH:0
FNDA:0,(anonymous_0)
FNDA:0,(anonymous_1)
FNDA:0,(anonymous_2)
FNDA:0,(anonymous_3)
FNDA:0,(anonymous_4)
FNDA:0,(anonymous_5)
FNDA:0,(anonymous_6)
DA:4,0
DA:6,0
DA:15,0
DA:19,0
DA:20,0
DA:22,0
DA:23,0
DA:24,0
DA:26,0
DA:27,0
DA:28,0
DA:33,0
LF:12
LH:0
BRF:0
BRH:0
end_of_record
TN:
SF:src\store\slices\procurementSlice.js
FN:4,(anonymous_0)
FN:14,(anonymous_1)
FN:15,(anonymous_2)
FN:18,(anonymous_3)
FN:22,(anonymous_4)
FNF:5
FNH:0
FNDA:0,(anonymous_0)
FNDA:0,(anonymous_1)
FNDA:0,(anonymous_2)
FNDA:0,(anonymous_3)
FNDA:0,(anonymous_4)
DA:4,0
DA:6,0
DA:15,0
DA:16,0
DA:18,0
DA:19,0
DA:20,0
DA:22,0
DA:23,0
DA:24,0
LF:10
LH:0
BRF:0
BRH:0
end_of_record
TN:
SF:src\store\slices\reportSlice.js
FN:4,(anonymous_0)
FN:14,(anonymous_1)
FN:15,(anonymous_2)
FN:18,(anonymous_3)
FN:22,(anonymous_4)
FNF:5
FNH:0
FNDA:0,(anonymous_0)
FNDA:0,(anonymous_1)
FNDA:0,(anonymous_2)
FNDA:0,(anonymous_3)
FNDA:0,(anonymous_4)
DA:4,0
DA:6,0
DA:15,0
DA:16,0
DA:18,0
DA:19,0
DA:20,0
DA:22,0
DA:23,0
DA:24,0
LF:10
LH:0
BRF:0
BRH:0
end_of_record
TN:
SF:src\store\slices\riskSlice.js
FN:4,(anonymous_0)
FN:14,(anonymous_1)
FN:15,(anonymous_2)
FN:18,(anonymous_3)
FN:22,(anonymous_4)
FNF:5
FNH:0
FNDA:0,(anonymous_0)
FNDA:0,(anonymous_1)
FNDA:0,(anonymous_2)
FNDA:0,(anonymous_3)
FNDA:0,(anonymous_4)
DA:4,0
DA:6,0
DA:15,0
DA:16,0
DA:18,0
DA:19,0
DA:20,0
DA:22,0
DA:23,0
DA:24,0
LF:10
LH:0
BRF:0
BRH:0
end_of_record
TN:
SF:src\store\slices\uiSlice.js
FN:10,(anonymous_0)
FN:13,(anonymous_1)
FNF:2
FNH:0
FNDA:0,(anonymous_0)
FNDA:0,(anonymous_1)
DA:3,0
DA:11,0
DA:14,0
DA:19,0
LF:4
LH:0
BRDA:14,0,0,0
BRDA:14,0,1,0
BRF:2
BRH:0
end_of_record
TN:
SF:src\store\slices\vendorSlice.js
FN:4,(anonymous_0)
FN:14,(anonymous_1)
FN:15,(anonymous_2)
FN:18,(anonymous_3)
FN:22,(anonymous_4)
FNF:5
FNH:0
FNDA:0,(anonymous_0)
FNDA:0,(anonymous_1)
FNDA:0,(anonymous_2)
FNDA:0,(anonymous_3)
FNDA:0,(anonymous_4)
DA:4,0
DA:6,0
DA:15,0
DA:16,0
DA:18,0
DA:19,0
DA:20,0
DA:22,0
DA:23,0
DA:24,0
LF:10
LH:0
BRF:0
BRH:0
end_of_record
